nohup: 忽略输入
--------------------------
name:  fer2013_resnet50
train_list:  ./data_list/shuffle/fer2013_train.txt
val_list:  ./data_list/shuffle/fer2013_val.txt
epoches:  10
batch_size:  32
model_name:  fer.pkl
output_path:  ./output/fer2013_resnet50
--------------------------
2
Epoch 1/10
----------
iteration 10 train loss: 0.0700 Acc: 0.1250
iteration 20 train loss: 0.0620 Acc: 0.1562
iteration 30 train loss: 0.0604 Acc: 0.1250
iteration 40 train loss: 0.0568 Acc: 0.1875
iteration 50 train loss: 0.0601 Acc: 0.1875
iteration 60 train loss: 0.0628 Acc: 0.1562
iteration 70 train loss: 0.0566 Acc: 0.2188
iteration 80 train loss: 0.0588 Acc: 0.1562
iteration 90 train loss: 0.0575 Acc: 0.2812
iteration 100 train loss: 0.0555 Acc: 0.2500
iteration 110 train loss: 0.0586 Acc: 0.1562
iteration 120 train loss: 0.0599 Acc: 0.1875
iteration 130 train loss: 0.0578 Acc: 0.1562
iteration 140 train loss: 0.0528 Acc: 0.3438
iteration 150 train loss: 0.0549 Acc: 0.2188
iteration 160 train loss: 0.0623 Acc: 0.1875
iteration 170 train loss: 0.0607 Acc: 0.2188
iteration 180 train loss: 0.0416 Acc: 0.4688
iteration 190 train loss: 0.0611 Acc: 0.2188
iteration 200 train loss: 0.0568 Acc: 0.1875
iteration 210 train loss: 0.0461 Acc: 0.5625
iteration 220 train loss: 0.0591 Acc: 0.4062
iteration 230 train loss: 0.0403 Acc: 0.4688
iteration 240 train loss: 0.0438 Acc: 0.4375
iteration 250 train loss: 0.0549 Acc: 0.2188
iteration 260 train loss: 0.0436 Acc: 0.3750
iteration 270 train loss: 0.0519 Acc: 0.3750
iteration 280 train loss: 0.0522 Acc: 0.3750
iteration 290 train loss: 0.0538 Acc: 0.2812
iteration 300 train loss: 0.0465 Acc: 0.4375
iteration 310 train loss: 0.0481 Acc: 0.4062
iteration 320 train loss: 0.0414 Acc: 0.5000
iteration 330 train loss: 0.0441 Acc: 0.5312
iteration 340 train loss: 0.0518 Acc: 0.3438
iteration 350 train loss: 0.0553 Acc: 0.4688
iteration 360 train loss: 0.0411 Acc: 0.4688
iteration 370 train loss: 0.0402 Acc: 0.4375
iteration 380 train loss: 0.0480 Acc: 0.4375
iteration 390 train loss: 0.0487 Acc: 0.3438
iteration 400 train loss: 0.0526 Acc: 0.4062
iteration 410 train loss: 0.0520 Acc: 0.3438
iteration 420 train loss: 0.0298 Acc: 0.7188
iteration 430 train loss: 0.0427 Acc: 0.3750
iteration 440 train loss: 0.0333 Acc: 0.6250
iteration 450 train loss: 0.0567 Acc: 0.1562
iteration 460 train loss: 0.0486 Acc: 0.3438
iteration 470 train loss: 0.0457 Acc: 0.3438
iteration 480 train loss: 0.0515 Acc: 0.3438
iteration 490 train loss: 0.0491 Acc: 0.3438
iteration 500 train loss: 0.0467 Acc: 0.3125
iteration 510 train loss: 0.0523 Acc: 0.3438
iteration 520 train loss: 0.0363 Acc: 0.6250
iteration 530 train loss: 0.0485 Acc: 0.4375
iteration 540 train loss: 0.0425 Acc: 0.3750
iteration 550 train loss: 0.0461 Acc: 0.3750
iteration 560 train loss: 0.0405 Acc: 0.5000
iteration 570 train loss: 0.0339 Acc: 0.6250
iteration 580 train loss: 0.0460 Acc: 0.3750
iteration 590 train loss: 0.0386 Acc: 0.5938
iteration 600 train loss: 0.0464 Acc: 0.4375
iteration 610 train loss: 0.0332 Acc: 0.5625
iteration 620 train loss: 0.0470 Acc: 0.4688
iteration 630 train loss: 0.0475 Acc: 0.3438
iteration 640 train loss: 0.0472 Acc: 0.3750
iteration 650 train loss: 0.0440 Acc: 0.5000
iteration 660 train loss: 0.0526 Acc: 0.3438
iteration 670 train loss: 0.0542 Acc: 0.2812
iteration 680 train loss: 0.0375 Acc: 0.5000
iteration 690 train loss: 0.0483 Acc: 0.4062
iteration 700 train loss: 0.0473 Acc: 0.5312
iteration 710 train loss: 0.0519 Acc: 0.4375
iteration 720 train loss: 0.0465 Acc: 0.3438
iteration 730 train loss: 0.0365 Acc: 0.5938
iteration 740 train loss: 0.0471 Acc: 0.3750
iteration 750 train loss: 0.0378 Acc: 0.6250
iteration 760 train loss: 0.0499 Acc: 0.3125
iteration 770 train loss: 0.0417 Acc: 0.5312
iteration 780 train loss: 0.0392 Acc: 0.4688
iteration 790 train loss: 0.0369 Acc: 0.6250
iteration 800 train loss: 0.0415 Acc: 0.3750
iteration 810 train loss: 0.0368 Acc: 0.4062
iteration 820 train loss: 0.0444 Acc: 0.2812
iteration 830 train loss: 0.0367 Acc: 0.5625
iteration 840 train loss: 0.0427 Acc: 0.5625
iteration 850 train loss: 0.0462 Acc: 0.4688
iteration 860 train loss: 0.0461 Acc: 0.4062
iteration 870 train loss: 0.0463 Acc: 0.4688
iteration 880 train loss: 0.0363 Acc: 0.6250
iteration 890 train loss: 0.0437 Acc: 0.4688
epoch train loss: 0.0485 Acc: 0.3923
epoch val loss: 0.0404 Acc: 0.5038
Epoch 2/10
----------
iteration 900 train loss: 0.0396 Acc: 0.4062
iteration 910 train loss: 0.0437 Acc: 0.5312
iteration 920 train loss: 0.0455 Acc: 0.4688
iteration 930 train loss: 0.0410 Acc: 0.4375
iteration 940 train loss: 0.0443 Acc: 0.4688
iteration 950 train loss: 0.0444 Acc: 0.4688
iteration 960 train loss: 0.0407 Acc: 0.4375
iteration 970 train loss: 0.0332 Acc: 0.6250
iteration 980 train loss: 0.0501 Acc: 0.4375
iteration 990 train loss: 0.0416 Acc: 0.4375
iteration 1000 train loss: 0.0457 Acc: 0.4688
iteration 1010 train loss: 0.0372 Acc: 0.5312
iteration 1020 train loss: 0.0455 Acc: 0.4062
iteration 1030 train loss: 0.0418 Acc: 0.5312
iteration 1040 train loss: 0.0430 Acc: 0.4688
iteration 1050 train loss: 0.0485 Acc: 0.4375
iteration 1060 train loss: 0.0438 Acc: 0.5312
iteration 1070 train loss: 0.0423 Acc: 0.4375
iteration 1080 train loss: 0.0412 Acc: 0.5000
iteration 1090 train loss: 0.0380 Acc: 0.4688
iteration 1100 train loss: 0.0397 Acc: 0.5312
iteration 1110 train loss: 0.0370 Acc: 0.5938
iteration 1120 train loss: 0.0347 Acc: 0.5312
iteration 1130 train loss: 0.0370 Acc: 0.5625
iteration 1140 train loss: 0.0351 Acc: 0.6875
iteration 1150 train loss: 0.0374 Acc: 0.5000
iteration 1160 train loss: 0.0316 Acc: 0.5625
iteration 1170 train loss: 0.0441 Acc: 0.4688
iteration 1180 train loss: 0.0364 Acc: 0.5938
iteration 1190 train loss: 0.0371 Acc: 0.5625
iteration 1200 train loss: 0.0410 Acc: 0.4375
iteration 1210 train loss: 0.0384 Acc: 0.5000
iteration 1220 train loss: 0.0444 Acc: 0.4375
iteration 1230 train loss: 0.0466 Acc: 0.4375
iteration 1240 train loss: 0.0368 Acc: 0.5625
iteration 1250 train loss: 0.0399 Acc: 0.5312
iteration 1260 train loss: 0.0405 Acc: 0.5000
iteration 1270 train loss: 0.0399 Acc: 0.4688
iteration 1280 train loss: 0.0429 Acc: 0.4062
iteration 1290 train loss: 0.0354 Acc: 0.6875
iteration 1300 train loss: 0.0488 Acc: 0.3438
iteration 1310 train loss: 0.0392 Acc: 0.4062
iteration 1320 train loss: 0.0500 Acc: 0.4688
iteration 1330 train loss: 0.0349 Acc: 0.5312
iteration 1340 train loss: 0.0364 Acc: 0.4688
iteration 1350 train loss: 0.0466 Acc: 0.3750
iteration 1360 train loss: 0.0356 Acc: 0.5000
iteration 1370 train loss: 0.0375 Acc: 0.6562
iteration 1380 train loss: 0.0439 Acc: 0.4375
iteration 1390 train loss: 0.0339 Acc: 0.5938
iteration 1400 train loss: 0.0388 Acc: 0.5000
iteration 1410 train loss: 0.0331 Acc: 0.5312
iteration 1420 train loss: 0.0477 Acc: 0.4062
iteration 1430 train loss: 0.0314 Acc: 0.6562
iteration 1440 train loss: 0.0573 Acc: 0.3438
iteration 1450 train loss: 0.0378 Acc: 0.5000
iteration 1460 train loss: 0.0349 Acc: 0.5312
iteration 1470 train loss: 0.0412 Acc: 0.4688
iteration 1480 train loss: 0.0420 Acc: 0.5000
iteration 1490 train loss: 0.0339 Acc: 0.5312
iteration 1500 train loss: 0.0360 Acc: 0.6250
iteration 1510 train loss: 0.0378 Acc: 0.5000
iteration 1520 train loss: 0.0254 Acc: 0.7500
iteration 1530 train loss: 0.0300 Acc: 0.6875
iteration 1540 train loss: 0.0394 Acc: 0.5938
iteration 1550 train loss: 0.0392 Acc: 0.5000
iteration 1560 train loss: 0.0349 Acc: 0.5312
iteration 1570 train loss: 0.0381 Acc: 0.5938
iteration 1580 train loss: 0.0370 Acc: 0.5312
iteration 1590 train loss: 0.0383 Acc: 0.5000
iteration 1600 train loss: 0.0413 Acc: 0.6250
iteration 1610 train loss: 0.0312 Acc: 0.6250
iteration 1620 train loss: 0.0460 Acc: 0.4375
iteration 1630 train loss: 0.0311 Acc: 0.6250
iteration 1640 train loss: 0.0423 Acc: 0.5000
iteration 1650 train loss: 0.0415 Acc: 0.3750
iteration 1660 train loss: 0.0378 Acc: 0.5000
iteration 1670 train loss: 0.0444 Acc: 0.4688
iteration 1680 train loss: 0.0439 Acc: 0.5312
iteration 1690 train loss: 0.0362 Acc: 0.5312
iteration 1700 train loss: 0.0355 Acc: 0.5938
iteration 1710 train loss: 0.0380 Acc: 0.5312
iteration 1720 train loss: 0.0307 Acc: 0.5938
iteration 1730 train loss: 0.0344 Acc: 0.5625
iteration 1740 train loss: 0.0343 Acc: 0.6250
iteration 1750 train loss: 0.0282 Acc: 0.7188
iteration 1760 train loss: 0.0359 Acc: 0.5938
iteration 1770 train loss: 0.0399 Acc: 0.4688
iteration 1780 train loss: 0.0452 Acc: 0.4688
iteration 1790 train loss: 0.0381 Acc: 0.5625
epoch train loss: 0.0394 Acc: 0.5145
epoch val loss: 0.0376 Acc: 0.5411
Epoch 3/10
----------
iteration 1800 train loss: 0.0353 Acc: 0.5938
iteration 1810 train loss: 0.0469 Acc: 0.5000
iteration 1820 train loss: 0.0474 Acc: 0.3438
iteration 1830 train loss: 0.0319 Acc: 0.5000
iteration 1840 train loss: 0.0358 Acc: 0.5938
iteration 1850 train loss: 0.0383 Acc: 0.5000
iteration 1860 train loss: 0.0377 Acc: 0.5312
iteration 1870 train loss: 0.0417 Acc: 0.5312
iteration 1880 train loss: 0.0303 Acc: 0.6562
iteration 1890 train loss: 0.0438 Acc: 0.4375
iteration 1900 train loss: 0.0324 Acc: 0.6562
iteration 1910 train loss: 0.0369 Acc: 0.5000
iteration 1920 train loss: 0.0202 Acc: 0.8125
iteration 1930 train loss: 0.0539 Acc: 0.4375
iteration 1940 train loss: 0.0311 Acc: 0.5938
iteration 1950 train loss: 0.0321 Acc: 0.6250
iteration 1960 train loss: 0.0369 Acc: 0.5312
iteration 1970 train loss: 0.0482 Acc: 0.4375
iteration 1980 train loss: 0.0386 Acc: 0.5000
iteration 1990 train loss: 0.0334 Acc: 0.5938
iteration 2000 train loss: 0.0386 Acc: 0.5312
iteration 2010 train loss: 0.0403 Acc: 0.5000
iteration 2020 train loss: 0.0383 Acc: 0.5312
iteration 2030 train loss: 0.0317 Acc: 0.5938
iteration 2040 train loss: 0.0393 Acc: 0.4375
iteration 2050 train loss: 0.0448 Acc: 0.5938
iteration 2060 train loss: 0.0417 Acc: 0.4688
iteration 2070 train loss: 0.0392 Acc: 0.4688
iteration 2080 train loss: 0.0317 Acc: 0.6250
iteration 2090 train loss: 0.0336 Acc: 0.5312
iteration 2100 train loss: 0.0409 Acc: 0.5312
iteration 2110 train loss: 0.0489 Acc: 0.3750
iteration 2120 train loss: 0.0395 Acc: 0.5625
iteration 2130 train loss: 0.0464 Acc: 0.3750
iteration 2140 train loss: 0.0318 Acc: 0.6250
iteration 2150 train loss: 0.0370 Acc: 0.4375
iteration 2160 train loss: 0.0353 Acc: 0.7188
iteration 2170 train loss: 0.0397 Acc: 0.5312
iteration 2180 train loss: 0.0264 Acc: 0.6250
iteration 2190 train loss: 0.0330 Acc: 0.5625
iteration 2200 train loss: 0.0431 Acc: 0.4688
iteration 2210 train loss: 0.0287 Acc: 0.6562
iteration 2220 train loss: 0.0339 Acc: 0.6250
iteration 2230 train loss: 0.0326 Acc: 0.5625
iteration 2240 train loss: 0.0302 Acc: 0.5312
iteration 2250 train loss: 0.0341 Acc: 0.5938
iteration 2260 train loss: 0.0386 Acc: 0.4062
iteration 2270 train loss: 0.0323 Acc: 0.6250
iteration 2280 train loss: 0.0429 Acc: 0.5000
iteration 2290 train loss: 0.0389 Acc: 0.6250
iteration 2300 train loss: 0.0309 Acc: 0.5938
iteration 2310 train loss: 0.0391 Acc: 0.5625
iteration 2320 train loss: 0.0294 Acc: 0.6562
iteration 2330 train loss: 0.0420 Acc: 0.5625
iteration 2340 train loss: 0.0371 Acc: 0.6250
iteration 2350 train loss: 0.0418 Acc: 0.4688
iteration 2360 train loss: 0.0301 Acc: 0.6250
iteration 2370 train loss: 0.0365 Acc: 0.5312
iteration 2380 train loss: 0.0355 Acc: 0.5625
iteration 2390 train loss: 0.0351 Acc: 0.5625
iteration 2400 train loss: 0.0382 Acc: 0.4375
iteration 2410 train loss: 0.0340 Acc: 0.5625
iteration 2420 train loss: 0.0409 Acc: 0.5625
iteration 2430 train loss: 0.0396 Acc: 0.5625
iteration 2440 train loss: 0.0253 Acc: 0.6875
iteration 2450 train loss: 0.0359 Acc: 0.5625
iteration 2460 train loss: 0.0448 Acc: 0.5000
iteration 2470 train loss: 0.0290 Acc: 0.6250
iteration 2480 train loss: 0.0452 Acc: 0.5000
iteration 2490 train loss: 0.0309 Acc: 0.7188
iteration 2500 train loss: 0.0397 Acc: 0.5312
iteration 2510 train loss: 0.0375 Acc: 0.5938
iteration 2520 train loss: 0.0354 Acc: 0.5312
iteration 2530 train loss: 0.0266 Acc: 0.7500
iteration 2540 train loss: 0.0263 Acc: 0.7188
iteration 2550 train loss: 0.0258 Acc: 0.6562
iteration 2560 train loss: 0.0274 Acc: 0.7500
iteration 2570 train loss: 0.0387 Acc: 0.4375
iteration 2580 train loss: 0.0425 Acc: 0.5000
iteration 2590 train loss: 0.0234 Acc: 0.7500
iteration 2600 train loss: 0.0330 Acc: 0.5938
iteration 2610 train loss: 0.0361 Acc: 0.6250
iteration 2620 train loss: 0.0413 Acc: 0.5625
iteration 2630 train loss: 0.0341 Acc: 0.6562
iteration 2640 train loss: 0.0241 Acc: 0.7812
iteration 2650 train loss: 0.0316 Acc: 0.6250
iteration 2660 train loss: 0.0327 Acc: 0.6562
iteration 2670 train loss: 0.0241 Acc: 0.6562
iteration 2680 train loss: 0.0307 Acc: 0.6562
iteration 2690 train loss: 0.0286 Acc: 0.6562
epoch train loss: 0.0360 Acc: 0.5621
epoch val loss: 0.0360 Acc: 0.5536
Epoch 4/10
----------
iteration 2700 train loss: 0.0364 Acc: 0.5625
iteration 2710 train loss: 0.0371 Acc: 0.5312
iteration 2720 train loss: 0.0341 Acc: 0.5625
iteration 2730 train loss: 0.0276 Acc: 0.6250
iteration 2740 train loss: 0.0419 Acc: 0.5312
iteration 2750 train loss: 0.0450 Acc: 0.4375
iteration 2760 train loss: 0.0360 Acc: 0.5312
iteration 2770 train loss: 0.0366 Acc: 0.5312
iteration 2780 train loss: 0.0359 Acc: 0.4688
iteration 2790 train loss: 0.0285 Acc: 0.6250
iteration 2800 train loss: 0.0282 Acc: 0.6250
iteration 2810 train loss: 0.0320 Acc: 0.6250
iteration 2820 train loss: 0.0305 Acc: 0.6562
iteration 2830 train loss: 0.0357 Acc: 0.6250
iteration 2840 train loss: 0.0249 Acc: 0.7812
iteration 2850 train loss: 0.0403 Acc: 0.5625
iteration 2860 train loss: 0.0376 Acc: 0.5625
iteration 2870 train loss: 0.0409 Acc: 0.5625
iteration 2880 train loss: 0.0365 Acc: 0.5000
iteration 2890 train loss: 0.0517 Acc: 0.3750
iteration 2900 train loss: 0.0282 Acc: 0.6562
iteration 2910 train loss: 0.0304 Acc: 0.6250
iteration 2920 train loss: 0.0243 Acc: 0.6562
iteration 2930 train loss: 0.0266 Acc: 0.6562
iteration 2940 train loss: 0.0251 Acc: 0.7500
iteration 2950 train loss: 0.0375 Acc: 0.5625
iteration 2960 train loss: 0.0275 Acc: 0.7188
iteration 2970 train loss: 0.0256 Acc: 0.7188
iteration 2980 train loss: 0.0309 Acc: 0.6250
iteration 2990 train loss: 0.0397 Acc: 0.5938
iteration 3000 train loss: 0.0438 Acc: 0.4062
iteration 3010 train loss: 0.0404 Acc: 0.5312
iteration 3020 train loss: 0.0283 Acc: 0.6875
iteration 3030 train loss: 0.0343 Acc: 0.4688
iteration 3040 train loss: 0.0304 Acc: 0.6562
iteration 3050 train loss: 0.0282 Acc: 0.8125
iteration 3060 train loss: 0.0412 Acc: 0.5312
iteration 3070 train loss: 0.0254 Acc: 0.7188
iteration 3080 train loss: 0.0306 Acc: 0.6875
iteration 3090 train loss: 0.0302 Acc: 0.5312
iteration 3100 train loss: 0.0328 Acc: 0.6875
iteration 3110 train loss: 0.0389 Acc: 0.5312
iteration 3120 train loss: 0.0460 Acc: 0.4688
iteration 3130 train loss: 0.0307 Acc: 0.7188
iteration 3140 train loss: 0.0325 Acc: 0.5938
iteration 3150 train loss: 0.0320 Acc: 0.5312
iteration 3160 train loss: 0.0375 Acc: 0.5312
iteration 3170 train loss: 0.0266 Acc: 0.5938
iteration 3180 train loss: 0.0403 Acc: 0.4062
iteration 3190 train loss: 0.0255 Acc: 0.8125
iteration 3200 train loss: 0.0351 Acc: 0.6562
iteration 3210 train loss: 0.0317 Acc: 0.5625
iteration 3220 train loss: 0.0287 Acc: 0.6875
iteration 3230 train loss: 0.0296 Acc: 0.6875
iteration 3240 train loss: 0.0320 Acc: 0.5938
iteration 3250 train loss: 0.0257 Acc: 0.7500
iteration 3260 train loss: 0.0335 Acc: 0.6250
iteration 3270 train loss: 0.0303 Acc: 0.6562
iteration 3280 train loss: 0.0288 Acc: 0.7188
iteration 3290 train loss: 0.0226 Acc: 0.7500
iteration 3300 train loss: 0.0477 Acc: 0.4375
iteration 3310 train loss: 0.0312 Acc: 0.6875
iteration 3320 train loss: 0.0373 Acc: 0.5625
iteration 3330 train loss: 0.0518 Acc: 0.4375
iteration 3340 train loss: 0.0356 Acc: 0.5625
iteration 3350 train loss: 0.0367 Acc: 0.5000
iteration 3360 train loss: 0.0362 Acc: 0.5312
iteration 3370 train loss: 0.0355 Acc: 0.5312
iteration 3380 train loss: 0.0393 Acc: 0.5312
iteration 3390 train loss: 0.0294 Acc: 0.5938
iteration 3400 train loss: 0.0365 Acc: 0.5625
iteration 3410 train loss: 0.0357 Acc: 0.5625
iteration 3420 train loss: 0.0354 Acc: 0.5625
iteration 3430 train loss: 0.0369 Acc: 0.4688
iteration 3440 train loss: 0.0295 Acc: 0.6250
iteration 3450 train loss: 0.0309 Acc: 0.5625
iteration 3460 train loss: 0.0456 Acc: 0.4688
iteration 3470 train loss: 0.0265 Acc: 0.6562
iteration 3480 train loss: 0.0415 Acc: 0.4375
iteration 3490 train loss: 0.0226 Acc: 0.6562
iteration 3500 train loss: 0.0277 Acc: 0.6875
iteration 3510 train loss: 0.0350 Acc: 0.5312
iteration 3520 train loss: 0.0394 Acc: 0.5625
iteration 3530 train loss: 0.0326 Acc: 0.6250
iteration 3540 train loss: 0.0325 Acc: 0.6562
iteration 3550 train loss: 0.0299 Acc: 0.6562
iteration 3560 train loss: 0.0319 Acc: 0.5312
iteration 3570 train loss: 0.0384 Acc: 0.5312
iteration 3580 train loss: 0.0340 Acc: 0.5938
epoch train loss: 0.0333 Acc: 0.5963
epoch val loss: 0.0361 Acc: 0.5598
Epoch 5/10
----------
iteration 3590 train loss: 0.0306 Acc: 0.5625
iteration 3600 train loss: 0.0257 Acc: 0.7500
iteration 3610 train loss: 0.0415 Acc: 0.5312
iteration 3620 train loss: 0.0338 Acc: 0.6562
iteration 3630 train loss: 0.0239 Acc: 0.6875
iteration 3640 train loss: 0.0272 Acc: 0.6562
iteration 3650 train loss: 0.0251 Acc: 0.6562
iteration 3660 train loss: 0.0288 Acc: 0.7188
iteration 3670 train loss: 0.0262 Acc: 0.5938
iteration 3680 train loss: 0.0288 Acc: 0.5938
iteration 3690 train loss: 0.0292 Acc: 0.7188
iteration 3700 train loss: 0.0251 Acc: 0.7188
iteration 3710 train loss: 0.0372 Acc: 0.4375
iteration 3720 train loss: 0.0346 Acc: 0.6250
iteration 3730 train loss: 0.0324 Acc: 0.6250
iteration 3740 train loss: 0.0291 Acc: 0.5938
iteration 3750 train loss: 0.0354 Acc: 0.6250
iteration 3760 train loss: 0.0254 Acc: 0.7188
iteration 3770 train loss: 0.0224 Acc: 0.8125
iteration 3780 train loss: 0.0264 Acc: 0.6562
iteration 3790 train loss: 0.0347 Acc: 0.5312
iteration 3800 train loss: 0.0200 Acc: 0.8125
iteration 3810 train loss: 0.0340 Acc: 0.6250
iteration 3820 train loss: 0.0388 Acc: 0.5625
iteration 3830 train loss: 0.0353 Acc: 0.5938
iteration 3840 train loss: 0.0301 Acc: 0.6562
iteration 3850 train loss: 0.0419 Acc: 0.4375
iteration 3860 train loss: 0.0205 Acc: 0.6562
iteration 3870 train loss: 0.0212 Acc: 0.7812
iteration 3880 train loss: 0.0201 Acc: 0.8125
iteration 3890 train loss: 0.0425 Acc: 0.4688
iteration 3900 train loss: 0.0324 Acc: 0.6562
iteration 3910 train loss: 0.0253 Acc: 0.7188
iteration 3920 train loss: 0.0271 Acc: 0.6562
iteration 3930 train loss: 0.0309 Acc: 0.6875
iteration 3940 train loss: 0.0338 Acc: 0.6250
iteration 3950 train loss: 0.0309 Acc: 0.5625
iteration 3960 train loss: 0.0348 Acc: 0.6875
iteration 3970 train loss: 0.0223 Acc: 0.7188
iteration 3980 train loss: 0.0361 Acc: 0.5625
iteration 3990 train loss: 0.0294 Acc: 0.5625
iteration 4000 train loss: 0.0247 Acc: 0.6875
iteration 4010 train loss: 0.0289 Acc: 0.6250
iteration 4020 train loss: 0.0266 Acc: 0.6250
iteration 4030 train loss: 0.0256 Acc: 0.6875
iteration 4040 train loss: 0.0354 Acc: 0.7188
iteration 4050 train loss: 0.0258 Acc: 0.6562
iteration 4060 train loss: 0.0336 Acc: 0.6250
iteration 4070 train loss: 0.0251 Acc: 0.7188
iteration 4080 train loss: 0.0247 Acc: 0.6875
iteration 4090 train loss: 0.0339 Acc: 0.5938
iteration 4100 train loss: 0.0295 Acc: 0.5312
iteration 4110 train loss: 0.0286 Acc: 0.6562
iteration 4120 train loss: 0.0383 Acc: 0.5625
iteration 4130 train loss: 0.0361 Acc: 0.4688
iteration 4140 train loss: 0.0277 Acc: 0.6250
iteration 4150 train loss: 0.0210 Acc: 0.7188
iteration 4160 train loss: 0.0369 Acc: 0.5000
iteration 4170 train loss: 0.0360 Acc: 0.5312
iteration 4180 train loss: 0.0345 Acc: 0.5938
iteration 4190 train loss: 0.0309 Acc: 0.5625
iteration 4200 train loss: 0.0383 Acc: 0.5000
iteration 4210 train loss: 0.0322 Acc: 0.6250
iteration 4220 train loss: 0.0323 Acc: 0.5625
iteration 4230 train loss: 0.0247 Acc: 0.7188
iteration 4240 train loss: 0.0326 Acc: 0.5938
iteration 4250 train loss: 0.0292 Acc: 0.5938
iteration 4260 train loss: 0.0285 Acc: 0.6250
iteration 4270 train loss: 0.0299 Acc: 0.5625
iteration 4280 train loss: 0.0295 Acc: 0.5625
iteration 4290 train loss: 0.0300 Acc: 0.6250
iteration 4300 train loss: 0.0296 Acc: 0.6250
iteration 4310 train loss: 0.0308 Acc: 0.8438
iteration 4320 train loss: 0.0404 Acc: 0.5000
iteration 4330 train loss: 0.0247 Acc: 0.6562
iteration 4340 train loss: 0.0417 Acc: 0.5000
iteration 4350 train loss: 0.0334 Acc: 0.5938
iteration 4360 train loss: 0.0333 Acc: 0.5312
iteration 4370 train loss: 0.0267 Acc: 0.6875
iteration 4380 train loss: 0.0341 Acc: 0.5312
iteration 4390 train loss: 0.0381 Acc: 0.5625
iteration 4400 train loss: 0.0360 Acc: 0.4688
iteration 4410 train loss: 0.0266 Acc: 0.7188
iteration 4420 train loss: 0.0360 Acc: 0.5625
iteration 4430 train loss: 0.0315 Acc: 0.6250
iteration 4440 train loss: 0.0343 Acc: 0.5938
iteration 4450 train loss: 0.0367 Acc: 0.5625
iteration 4460 train loss: 0.0315 Acc: 0.5312
iteration 4470 train loss: 0.0261 Acc: 0.6562
iteration 4480 train loss: 0.0292 Acc: 0.6562
epoch train loss: 0.0307 Acc: 0.6257
epoch val loss: 0.0346 Acc: 0.5832
Epoch 6/10
----------
iteration 4490 train loss: 0.0274 Acc: 0.6250
iteration 4500 train loss: 0.0314 Acc: 0.7188
iteration 4510 train loss: 0.0204 Acc: 0.8438
iteration 4520 train loss: 0.0260 Acc: 0.7500
iteration 4530 train loss: 0.0268 Acc: 0.6875
iteration 4540 train loss: 0.0313 Acc: 0.6562
iteration 4550 train loss: 0.0299 Acc: 0.5938
iteration 4560 train loss: 0.0198 Acc: 0.9062
iteration 4570 train loss: 0.0277 Acc: 0.6562
iteration 4580 train loss: 0.0270 Acc: 0.7500
iteration 4590 train loss: 0.0300 Acc: 0.6875
iteration 4600 train loss: 0.0261 Acc: 0.6875
iteration 4610 train loss: 0.0237 Acc: 0.6875
iteration 4620 train loss: 0.0336 Acc: 0.6562
iteration 4630 train loss: 0.0200 Acc: 0.7812
iteration 4640 train loss: 0.0219 Acc: 0.7188
iteration 4650 train loss: 0.0257 Acc: 0.6250
iteration 4660 train loss: 0.0300 Acc: 0.5312
iteration 4670 train loss: 0.0262 Acc: 0.6875
iteration 4680 train loss: 0.0289 Acc: 0.6562
iteration 4690 train loss: 0.0241 Acc: 0.6250
iteration 4700 train loss: 0.0366 Acc: 0.5938
iteration 4710 train loss: 0.0232 Acc: 0.6562
iteration 4720 train loss: 0.0273 Acc: 0.5625
iteration 4730 train loss: 0.0344 Acc: 0.6875
iteration 4740 train loss: 0.0221 Acc: 0.7188
iteration 4750 train loss: 0.0250 Acc: 0.7812
iteration 4760 train loss: 0.0314 Acc: 0.6250
iteration 4770 train loss: 0.0329 Acc: 0.5625
iteration 4780 train loss: 0.0243 Acc: 0.7188
iteration 4790 train loss: 0.0240 Acc: 0.8438
iteration 4800 train loss: 0.0252 Acc: 0.6562
iteration 4810 train loss: 0.0336 Acc: 0.5625
iteration 4820 train loss: 0.0344 Acc: 0.6250
iteration 4830 train loss: 0.0392 Acc: 0.5625
iteration 4840 train loss: 0.0293 Acc: 0.6562
iteration 4850 train loss: 0.0283 Acc: 0.5938
iteration 4860 train loss: 0.0416 Acc: 0.3750
iteration 4870 train loss: 0.0398 Acc: 0.5312
iteration 4880 train loss: 0.0283 Acc: 0.6250
iteration 4890 train loss: 0.0198 Acc: 0.7500
iteration 4900 train loss: 0.0320 Acc: 0.5938
iteration 4910 train loss: 0.0377 Acc: 0.6562
iteration 4920 train loss: 0.0259 Acc: 0.7500
iteration 4930 train loss: 0.0376 Acc: 0.4688
iteration 4940 train loss: 0.0222 Acc: 0.7188
iteration 4950 train loss: 0.0227 Acc: 0.7188
iteration 4960 train loss: 0.0251 Acc: 0.7188
iteration 4970 train loss: 0.0303 Acc: 0.5312
iteration 4980 train loss: 0.0272 Acc: 0.7188
iteration 4990 train loss: 0.0193 Acc: 0.7812
iteration 5000 train loss: 0.0206 Acc: 0.7188
iteration 5010 train loss: 0.0297 Acc: 0.6562
iteration 5020 train loss: 0.0306 Acc: 0.7500
iteration 5030 train loss: 0.0256 Acc: 0.7188
iteration 5040 train loss: 0.0292 Acc: 0.6875
iteration 5050 train loss: 0.0229 Acc: 0.6875
iteration 5060 train loss: 0.0273 Acc: 0.7500
iteration 5070 train loss: 0.0257 Acc: 0.6875
iteration 5080 train loss: 0.0215 Acc: 0.6562
iteration 5090 train loss: 0.0244 Acc: 0.7812
iteration 5100 train loss: 0.0298 Acc: 0.6562
iteration 5110 train loss: 0.0218 Acc: 0.7500
iteration 5120 train loss: 0.0291 Acc: 0.6562
iteration 5130 train loss: 0.0223 Acc: 0.6562
iteration 5140 train loss: 0.0279 Acc: 0.6562
iteration 5150 train loss: 0.0224 Acc: 0.7188
iteration 5160 train loss: 0.0283 Acc: 0.6875
iteration 5170 train loss: 0.0288 Acc: 0.6250
iteration 5180 train loss: 0.0265 Acc: 0.6875
iteration 5190 train loss: 0.0363 Acc: 0.5312
iteration 5200 train loss: 0.0304 Acc: 0.6875
iteration 5210 train loss: 0.0283 Acc: 0.5938
iteration 5220 train loss: 0.0219 Acc: 0.7500
iteration 5230 train loss: 0.0195 Acc: 0.7500
iteration 5240 train loss: 0.0293 Acc: 0.6250
iteration 5250 train loss: 0.0283 Acc: 0.6562
iteration 5260 train loss: 0.0354 Acc: 0.5938
iteration 5270 train loss: 0.0256 Acc: 0.7500
iteration 5280 train loss: 0.0221 Acc: 0.7500
iteration 5290 train loss: 0.0343 Acc: 0.6250
iteration 5300 train loss: 0.0228 Acc: 0.7188
iteration 5310 train loss: 0.0379 Acc: 0.5000
iteration 5320 train loss: 0.0358 Acc: 0.6562
iteration 5330 train loss: 0.0250 Acc: 0.7188
iteration 5340 train loss: 0.0363 Acc: 0.5938
iteration 5350 train loss: 0.0282 Acc: 0.6250
iteration 5360 train loss: 0.0272 Acc: 0.6562
iteration 5370 train loss: 0.0371 Acc: 0.6250
iteration 5380 train loss: 0.0230 Acc: 0.7812
epoch train loss: 0.0280 Acc: 0.6628
epoch val loss: 0.0349 Acc: 0.5832
Epoch 7/10
----------
iteration 5390 train loss: 0.0276 Acc: 0.6875
iteration 5400 train loss: 0.0243 Acc: 0.7812
iteration 5410 train loss: 0.0205 Acc: 0.7500
iteration 5420 train loss: 0.0229 Acc: 0.6562
iteration 5430 train loss: 0.0185 Acc: 0.8438
iteration 5440 train loss: 0.0278 Acc: 0.6562
iteration 5450 train loss: 0.0185 Acc: 0.8125
iteration 5460 train loss: 0.0238 Acc: 0.7188
iteration 5470 train loss: 0.0219 Acc: 0.7500
iteration 5480 train loss: 0.0271 Acc: 0.6875
iteration 5490 train loss: 0.0155 Acc: 0.8438
iteration 5500 train loss: 0.0149 Acc: 0.8438
iteration 5510 train loss: 0.0262 Acc: 0.6875
iteration 5520 train loss: 0.0168 Acc: 0.7500
iteration 5530 train loss: 0.0213 Acc: 0.6875
iteration 5540 train loss: 0.0248 Acc: 0.6250
iteration 5550 train loss: 0.0179 Acc: 0.7812
iteration 5560 train loss: 0.0244 Acc: 0.6562
iteration 5570 train loss: 0.0274 Acc: 0.7188
iteration 5580 train loss: 0.0191 Acc: 0.8125
iteration 5590 train loss: 0.0211 Acc: 0.8125
iteration 5600 train loss: 0.0263 Acc: 0.6562
iteration 5610 train loss: 0.0109 Acc: 0.9375
iteration 5620 train loss: 0.0217 Acc: 0.6562
iteration 5630 train loss: 0.0254 Acc: 0.7188
iteration 5640 train loss: 0.0380 Acc: 0.5312
iteration 5650 train loss: 0.0228 Acc: 0.8125
iteration 5660 train loss: 0.0237 Acc: 0.6562
iteration 5670 train loss: 0.0355 Acc: 0.6250
iteration 5680 train loss: 0.0399 Acc: 0.5312
iteration 5690 train loss: 0.0117 Acc: 0.9375
iteration 5700 train loss: 0.0268 Acc: 0.7500
iteration 5710 train loss: 0.0226 Acc: 0.6562
iteration 5720 train loss: 0.0242 Acc: 0.6562
iteration 5730 train loss: 0.0305 Acc: 0.5312
iteration 5740 train loss: 0.0143 Acc: 0.8438
iteration 5750 train loss: 0.0230 Acc: 0.7500
iteration 5760 train loss: 0.0287 Acc: 0.6250
iteration 5770 train loss: 0.0266 Acc: 0.7500
iteration 5780 train loss: 0.0294 Acc: 0.5938
iteration 5790 train loss: 0.0274 Acc: 0.6250
iteration 5800 train loss: 0.0248 Acc: 0.5938
iteration 5810 train loss: 0.0308 Acc: 0.6250
iteration 5820 train loss: 0.0301 Acc: 0.6250
iteration 5830 train loss: 0.0217 Acc: 0.7812
iteration 5840 train loss: 0.0193 Acc: 0.7500
iteration 5850 train loss: 0.0239 Acc: 0.7188
iteration 5860 train loss: 0.0290 Acc: 0.5938
iteration 5870 train loss: 0.0220 Acc: 0.7188
iteration 5880 train loss: 0.0215 Acc: 0.7812
iteration 5890 train loss: 0.0298 Acc: 0.5938
iteration 5900 train loss: 0.0215 Acc: 0.7500
iteration 5910 train loss: 0.0211 Acc: 0.8438
iteration 5920 train loss: 0.0225 Acc: 0.7188
iteration 5930 train loss: 0.0257 Acc: 0.7500
iteration 5940 train loss: 0.0180 Acc: 0.8438
iteration 5950 train loss: 0.0266 Acc: 0.7500
iteration 5960 train loss: 0.0171 Acc: 0.7812
iteration 5970 train loss: 0.0269 Acc: 0.6562
iteration 5980 train loss: 0.0194 Acc: 0.7188
iteration 5990 train loss: 0.0262 Acc: 0.6875
iteration 6000 train loss: 0.0222 Acc: 0.7188
iteration 6010 train loss: 0.0198 Acc: 0.8125
iteration 6020 train loss: 0.0237 Acc: 0.7500
iteration 6030 train loss: 0.0378 Acc: 0.5938
iteration 6040 train loss: 0.0189 Acc: 0.7812
iteration 6050 train loss: 0.0254 Acc: 0.6562
iteration 6060 train loss: 0.0319 Acc: 0.5938
iteration 6070 train loss: 0.0250 Acc: 0.7188
iteration 6080 train loss: 0.0219 Acc: 0.7500
iteration 6090 train loss: 0.0317 Acc: 0.5938
iteration 6100 train loss: 0.0327 Acc: 0.5625
iteration 6110 train loss: 0.0302 Acc: 0.6875
iteration 6120 train loss: 0.0266 Acc: 0.6250
iteration 6130 train loss: 0.0321 Acc: 0.7500
iteration 6140 train loss: 0.0318 Acc: 0.5625
iteration 6150 train loss: 0.0397 Acc: 0.5625
iteration 6160 train loss: 0.0237 Acc: 0.6250
iteration 6170 train loss: 0.0278 Acc: 0.5625
iteration 6180 train loss: 0.0225 Acc: 0.6875
iteration 6190 train loss: 0.0192 Acc: 0.7500
iteration 6200 train loss: 0.0320 Acc: 0.5938
iteration 6210 train loss: 0.0325 Acc: 0.5938
iteration 6220 train loss: 0.0409 Acc: 0.5938
iteration 6230 train loss: 0.0218 Acc: 0.7500
iteration 6240 train loss: 0.0249 Acc: 0.6875
iteration 6250 train loss: 0.0239 Acc: 0.6875
iteration 6260 train loss: 0.0320 Acc: 0.5938
iteration 6270 train loss: 0.0291 Acc: 0.6250
epoch train loss: 0.0253 Acc: 0.6959
epoch val loss: 0.0349 Acc: 0.5957
Epoch 8/10
----------
iteration 6280 train loss: 0.0216 Acc: 0.6875
iteration 6290 train loss: 0.0223 Acc: 0.6875
iteration 6300 train loss: 0.0309 Acc: 0.6562
iteration 6310 train loss: 0.0178 Acc: 0.7812
iteration 6320 train loss: 0.0222 Acc: 0.7500
iteration 6330 train loss: 0.0217 Acc: 0.7812
iteration 6340 train loss: 0.0246 Acc: 0.6875
iteration 6350 train loss: 0.0192 Acc: 0.8125
iteration 6360 train loss: 0.0261 Acc: 0.7188
iteration 6370 train loss: 0.0234 Acc: 0.6250
iteration 6380 train loss: 0.0248 Acc: 0.7500
iteration 6390 train loss: 0.0208 Acc: 0.8125
iteration 6400 train loss: 0.0245 Acc: 0.7188
iteration 6410 train loss: 0.0171 Acc: 0.7500
iteration 6420 train loss: 0.0248 Acc: 0.6875
iteration 6430 train loss: 0.0424 Acc: 0.4688
iteration 6440 train loss: 0.0231 Acc: 0.6562
iteration 6450 train loss: 0.0167 Acc: 0.8125
iteration 6460 train loss: 0.0293 Acc: 0.7500
iteration 6470 train loss: 0.0247 Acc: 0.7188
iteration 6480 train loss: 0.0371 Acc: 0.6562
iteration 6490 train loss: 0.0178 Acc: 0.7812
iteration 6500 train loss: 0.0147 Acc: 0.7812
iteration 6510 train loss: 0.0258 Acc: 0.7500
iteration 6520 train loss: 0.0230 Acc: 0.7188
iteration 6530 train loss: 0.0280 Acc: 0.5938
iteration 6540 train loss: 0.0114 Acc: 0.9062
iteration 6550 train loss: 0.0173 Acc: 0.8125
iteration 6560 train loss: 0.0226 Acc: 0.8125
iteration 6570 train loss: 0.0124 Acc: 0.9062
iteration 6580 train loss: 0.0296 Acc: 0.5938
iteration 6590 train loss: 0.0150 Acc: 0.8438
iteration 6600 train loss: 0.0177 Acc: 0.8125
iteration 6610 train loss: 0.0192 Acc: 0.7500
iteration 6620 train loss: 0.0237 Acc: 0.7812
iteration 6630 train loss: 0.0171 Acc: 0.7188
iteration 6640 train loss: 0.0263 Acc: 0.7500
iteration 6650 train loss: 0.0286 Acc: 0.7188
iteration 6660 train loss: 0.0211 Acc: 0.8750
iteration 6670 train loss: 0.0171 Acc: 0.8438
iteration 6680 train loss: 0.0221 Acc: 0.8125
iteration 6690 train loss: 0.0219 Acc: 0.7500
iteration 6700 train loss: 0.0198 Acc: 0.6875
iteration 6710 train loss: 0.0268 Acc: 0.6875
iteration 6720 train loss: 0.0186 Acc: 0.7812
iteration 6730 train loss: 0.0142 Acc: 0.8438
iteration 6740 train loss: 0.0193 Acc: 0.7500
iteration 6750 train loss: 0.0191 Acc: 0.8125
iteration 6760 train loss: 0.0157 Acc: 0.7812
iteration 6770 train loss: 0.0254 Acc: 0.6875
iteration 6780 train loss: 0.0166 Acc: 0.8125
iteration 6790 train loss: 0.0215 Acc: 0.6562
iteration 6800 train loss: 0.0231 Acc: 0.7188
iteration 6810 train loss: 0.0172 Acc: 0.8125
iteration 6820 train loss: 0.0300 Acc: 0.6875
iteration 6830 train loss: 0.0202 Acc: 0.7812
iteration 6840 train loss: 0.0229 Acc: 0.6250
iteration 6850 train loss: 0.0218 Acc: 0.6562
iteration 6860 train loss: 0.0128 Acc: 0.8125
iteration 6870 train loss: 0.0129 Acc: 0.7812
iteration 6880 train loss: 0.0253 Acc: 0.6875
iteration 6890 train loss: 0.0131 Acc: 0.8750
iteration 6900 train loss: 0.0106 Acc: 0.9062
iteration 6910 train loss: 0.0158 Acc: 0.8125
iteration 6920 train loss: 0.0222 Acc: 0.7500
iteration 6930 train loss: 0.0233 Acc: 0.5625
iteration 6940 train loss: 0.0266 Acc: 0.6562
iteration 6950 train loss: 0.0220 Acc: 0.7500
iteration 6960 train loss: 0.0196 Acc: 0.7812
iteration 6970 train loss: 0.0201 Acc: 0.7500
iteration 6980 train loss: 0.0283 Acc: 0.6250
iteration 6990 train loss: 0.0267 Acc: 0.6562
iteration 7000 train loss: 0.0137 Acc: 0.8750
iteration 7010 train loss: 0.0239 Acc: 0.7188
iteration 7020 train loss: 0.0321 Acc: 0.6250
iteration 7030 train loss: 0.0281 Acc: 0.7188
iteration 7040 train loss: 0.0154 Acc: 0.8125
iteration 7050 train loss: 0.0239 Acc: 0.7188
iteration 7060 train loss: 0.0238 Acc: 0.8125
iteration 7070 train loss: 0.0251 Acc: 0.6562
iteration 7080 train loss: 0.0225 Acc: 0.7500
iteration 7090 train loss: 0.0270 Acc: 0.6562
iteration 7100 train loss: 0.0239 Acc: 0.6875
iteration 7110 train loss: 0.0257 Acc: 0.6875
iteration 7120 train loss: 0.0163 Acc: 0.8438
iteration 7130 train loss: 0.0229 Acc: 0.7500
iteration 7140 train loss: 0.0256 Acc: 0.7188
iteration 7150 train loss: 0.0269 Acc: 0.6875
iteration 7160 train loss: 0.0198 Acc: 0.8125
iteration 7170 train loss: 0.0261 Acc: 0.6875
epoch train loss: 0.0221 Acc: 0.7355
epoch val loss: 0.0369 Acc: 0.6004
Epoch 9/10
----------
iteration 7180 train loss: 0.0201 Acc: 0.7500
iteration 7190 train loss: 0.0155 Acc: 0.7500
iteration 7200 train loss: 0.0196 Acc: 0.7188
iteration 7210 train loss: 0.0166 Acc: 0.8750
iteration 7220 train loss: 0.0314 Acc: 0.7500
iteration 7230 train loss: 0.0168 Acc: 0.7500
iteration 7240 train loss: 0.0182 Acc: 0.8125
iteration 7250 train loss: 0.0226 Acc: 0.7812
iteration 7260 train loss: 0.0235 Acc: 0.6875
iteration 7270 train loss: 0.0129 Acc: 0.8750
iteration 7280 train loss: 0.0105 Acc: 0.9688
iteration 7290 train loss: 0.0250 Acc: 0.7188
iteration 7300 train loss: 0.0155 Acc: 0.8438
iteration 7310 train loss: 0.0168 Acc: 0.8750
iteration 7320 train loss: 0.0197 Acc: 0.7500
iteration 7330 train loss: 0.0145 Acc: 0.8438
iteration 7340 train loss: 0.0148 Acc: 0.8125
iteration 7350 train loss: 0.0092 Acc: 0.9062
iteration 7360 train loss: 0.0201 Acc: 0.7812
iteration 7370 train loss: 0.0187 Acc: 0.7500
iteration 7380 train loss: 0.0186 Acc: 0.7812
iteration 7390 train loss: 0.0174 Acc: 0.7500
iteration 7400 train loss: 0.0247 Acc: 0.6250
iteration 7410 train loss: 0.0139 Acc: 0.8125
iteration 7420 train loss: 0.0080 Acc: 0.9375
iteration 7430 train loss: 0.0223 Acc: 0.7812
iteration 7440 train loss: 0.0143 Acc: 0.8125
iteration 7450 train loss: 0.0196 Acc: 0.8125
iteration 7460 train loss: 0.0214 Acc: 0.7500
iteration 7470 train loss: 0.0183 Acc: 0.8125
iteration 7480 train loss: 0.0217 Acc: 0.8125
iteration 7490 train loss: 0.0140 Acc: 0.8125
iteration 7500 train loss: 0.0179 Acc: 0.8125
iteration 7510 train loss: 0.0220 Acc: 0.7500
iteration 7520 train loss: 0.0177 Acc: 0.7500
iteration 7530 train loss: 0.0124 Acc: 0.8438
iteration 7540 train loss: 0.0154 Acc: 0.8750
iteration 7550 train loss: 0.0252 Acc: 0.7188
iteration 7560 train loss: 0.0209 Acc: 0.7500
iteration 7570 train loss: 0.0205 Acc: 0.7812
iteration 7580 train loss: 0.0216 Acc: 0.7188
iteration 7590 train loss: 0.0178 Acc: 0.8438
iteration 7600 train loss: 0.0136 Acc: 0.8750
iteration 7610 train loss: 0.0288 Acc: 0.6250
iteration 7620 train loss: 0.0217 Acc: 0.7500
iteration 7630 train loss: 0.0209 Acc: 0.7500
iteration 7640 train loss: 0.0139 Acc: 0.8438
iteration 7650 train loss: 0.0244 Acc: 0.7500
iteration 7660 train loss: 0.0261 Acc: 0.7188
iteration 7670 train loss: 0.0192 Acc: 0.7500
iteration 7680 train loss: 0.0120 Acc: 0.8750
iteration 7690 train loss: 0.0176 Acc: 0.8125
iteration 7700 train loss: 0.0173 Acc: 0.7812
iteration 7710 train loss: 0.0132 Acc: 0.8125
iteration 7720 train loss: 0.0146 Acc: 0.7812
iteration 7730 train loss: 0.0109 Acc: 0.8750
iteration 7740 train loss: 0.0227 Acc: 0.8125
iteration 7750 train loss: 0.0268 Acc: 0.7812
iteration 7760 train loss: 0.0277 Acc: 0.6875
iteration 7770 train loss: 0.0198 Acc: 0.7188
iteration 7780 train loss: 0.0156 Acc: 0.8438
iteration 7790 train loss: 0.0180 Acc: 0.8750
iteration 7800 train loss: 0.0194 Acc: 0.8438
iteration 7810 train loss: 0.0171 Acc: 0.7500
iteration 7820 train loss: 0.0151 Acc: 0.8125
iteration 7830 train loss: 0.0248 Acc: 0.7812
iteration 7840 train loss: 0.0171 Acc: 0.8438
iteration 7850 train loss: 0.0130 Acc: 0.8438
iteration 7860 train loss: 0.0125 Acc: 0.9062
iteration 7870 train loss: 0.0150 Acc: 0.7500
iteration 7880 train loss: 0.0187 Acc: 0.7812
iteration 7890 train loss: 0.0183 Acc: 0.8125
iteration 7900 train loss: 0.0082 Acc: 0.9375
iteration 7910 train loss: 0.0223 Acc: 0.8125
iteration 7920 train loss: 0.0241 Acc: 0.6875
iteration 7930 train loss: 0.0252 Acc: 0.6562
iteration 7940 train loss: 0.0231 Acc: 0.6562
iteration 7950 train loss: 0.0166 Acc: 0.7812
iteration 7960 train loss: 0.0134 Acc: 0.8125
iteration 7970 train loss: 0.0230 Acc: 0.6875
iteration 7980 train loss: 0.0160 Acc: 0.7500
iteration 7990 train loss: 0.0257 Acc: 0.5938
iteration 8000 train loss: 0.0181 Acc: 0.8125
iteration 8010 train loss: 0.0117 Acc: 0.8750
iteration 8020 train loss: 0.0194 Acc: 0.7812
iteration 8030 train loss: 0.0144 Acc: 0.8438
iteration 8040 train loss: 0.0142 Acc: 0.8438
iteration 8050 train loss: 0.0207 Acc: 0.7812
iteration 8060 train loss: 0.0261 Acc: 0.6875
iteration 8070 train loss: 0.0237 Acc: 0.7812
epoch train loss: 0.0187 Acc: 0.7774
epoch val loss: 0.0364 Acc: 0.6130
Epoch 10/10
----------
iteration 8080 train loss: 0.0162 Acc: 0.7812
iteration 8090 train loss: 0.0098 Acc: 0.8125
iteration 8100 train loss: 0.0128 Acc: 0.8750
iteration 8110 train loss: 0.0079 Acc: 0.9062
iteration 8120 train loss: 0.0070 Acc: 0.9688
iteration 8130 train loss: 0.0149 Acc: 0.7812
iteration 8140 train loss: 0.0116 Acc: 0.9375
iteration 8150 train loss: 0.0163 Acc: 0.7812
iteration 8160 train loss: 0.0172 Acc: 0.7500
iteration 8170 train loss: 0.0086 Acc: 0.9062
iteration 8180 train loss: 0.0111 Acc: 0.8750
iteration 8190 train loss: 0.0135 Acc: 0.8438
iteration 8200 train loss: 0.0111 Acc: 0.8125
iteration 8210 train loss: 0.0072 Acc: 0.9375
iteration 8220 train loss: 0.0225 Acc: 0.7188
iteration 8230 train loss: 0.0187 Acc: 0.8125
iteration 8240 train loss: 0.0155 Acc: 0.7812
iteration 8250 train loss: 0.0047 Acc: 1.0000
iteration 8260 train loss: 0.0089 Acc: 0.9688
iteration 8270 train loss: 0.0140 Acc: 0.8438
iteration 8280 train loss: 0.0176 Acc: 0.8125
iteration 8290 train loss: 0.0168 Acc: 0.8125
iteration 8300 train loss: 0.0146 Acc: 0.7812
iteration 8310 train loss: 0.0075 Acc: 0.9375
iteration 8320 train loss: 0.0123 Acc: 0.8438
iteration 8330 train loss: 0.0116 Acc: 0.8750
iteration 8340 train loss: 0.0131 Acc: 0.8438
iteration 8350 train loss: 0.0067 Acc: 0.9688
iteration 8360 train loss: 0.0185 Acc: 0.7500
iteration 8370 train loss: 0.0193 Acc: 0.8125
iteration 8380 train loss: 0.0216 Acc: 0.7812
iteration 8390 train loss: 0.0105 Acc: 0.9062
iteration 8400 train loss: 0.0068 Acc: 0.9688
iteration 8410 train loss: 0.0137 Acc: 0.8438
iteration 8420 train loss: 0.0195 Acc: 0.7812
iteration 8430 train loss: 0.0205 Acc: 0.7812
iteration 8440 train loss: 0.0211 Acc: 0.8125
iteration 8450 train loss: 0.0086 Acc: 0.8750
iteration 8460 train loss: 0.0154 Acc: 0.7812
iteration 8470 train loss: 0.0085 Acc: 0.9062
iteration 8480 train loss: 0.0124 Acc: 0.8750
iteration 8490 train loss: 0.0191 Acc: 0.7500
iteration 8500 train loss: 0.0208 Acc: 0.8125
iteration 8510 train loss: 0.0145 Acc: 0.8750
iteration 8520 train loss: 0.0202 Acc: 0.7812
iteration 8530 train loss: 0.0161 Acc: 0.8438
iteration 8540 train loss: 0.0143 Acc: 0.8750
iteration 8550 train loss: 0.0208 Acc: 0.8438
iteration 8560 train loss: 0.0164 Acc: 0.7812
iteration 8570 train loss: 0.0128 Acc: 0.8125
iteration 8580 train loss: 0.0194 Acc: 0.8125
iteration 8590 train loss: 0.0137 Acc: 0.8750
iteration 8600 train loss: 0.0164 Acc: 0.8750
iteration 8610 train loss: 0.0190 Acc: 0.7188
iteration 8620 train loss: 0.0220 Acc: 0.6562
iteration 8630 train loss: 0.0190 Acc: 0.7188
iteration 8640 train loss: 0.0132 Acc: 0.8438
iteration 8650 train loss: 0.0257 Acc: 0.6875
iteration 8660 train loss: 0.0141 Acc: 0.8125
iteration 8670 train loss: 0.0194 Acc: 0.8125
iteration 8680 train loss: 0.0103 Acc: 0.8750
iteration 8690 train loss: 0.0158 Acc: 0.7500
iteration 8700 train loss: 0.0105 Acc: 0.9062
iteration 8710 train loss: 0.0061 Acc: 0.9375
iteration 8720 train loss: 0.0134 Acc: 0.8125
iteration 8730 train loss: 0.0120 Acc: 0.8750
iteration 8740 train loss: 0.0185 Acc: 0.8438
iteration 8750 train loss: 0.0123 Acc: 0.8750
iteration 8760 train loss: 0.0192 Acc: 0.7188
iteration 8770 train loss: 0.0168 Acc: 0.8125
iteration 8780 train loss: 0.0143 Acc: 0.8750
iteration 8790 train loss: 0.0106 Acc: 0.8750
iteration 8800 train loss: 0.0192 Acc: 0.7812
iteration 8810 train loss: 0.0176 Acc: 0.7188
iteration 8820 train loss: 0.0139 Acc: 0.8438
iteration 8830 train loss: 0.0117 Acc: 0.8750
iteration 8840 train loss: 0.0115 Acc: 0.9062
iteration 8850 train loss: 0.0109 Acc: 0.8750
iteration 8860 train loss: 0.0145 Acc: 0.7812
iteration 8870 train loss: 0.0130 Acc: 0.8750
iteration 8880 train loss: 0.0118 Acc: 0.8438
iteration 8890 train loss: 0.0197 Acc: 0.8125
iteration 8900 train loss: 0.0231 Acc: 0.6875
iteration 8910 train loss: 0.0194 Acc: 0.7188
iteration 8920 train loss: 0.0181 Acc: 0.7500
iteration 8930 train loss: 0.0104 Acc: 0.8438
iteration 8940 train loss: 0.0125 Acc: 0.8438
iteration 8950 train loss: 0.0140 Acc: 0.8125
iteration 8960 train loss: 0.0090 Acc: 0.8750
iteration 8970 train loss: 0.0215 Acc: 0.7188
epoch train loss: 0.0153 Acc: 0.8212
epoch val loss: 0.0426 Acc: 0.6183
Best val Acc: 0.6183
yes
